Determining if the pthread_create exist failed with the following output:
Change Dir: /home/parallels/lecture/motionplanning/catkin_ws/build/CMakeFiles/CMakeTmp

Run Build Command:"/usr/bin/make" "cmTC_c697e/fast"
/usr/bin/make -f CMakeFiles/cmTC_c697e.dir/build.make CMakeFiles/cmTC_c697e.dir/build
make[1]: Entering directory '/home/parallels/lecture/motionplanning/catkin_ws/build/CMakeFiles/CMakeTmp'
Building C object CMakeFiles/cmTC_c697e.dir/CheckSymbolExists.c.o
/usr/bin/cc    -o CMakeFiles/cmTC_c697e.dir/CheckSymbolExists.c.o   -c /home/parallels/lecture/motionplanning/catkin_ws/build/CMakeFiles/CMakeTmp/CheckSymbolExists.c
Linking C executable cmTC_c697e
/usr/bin/cmake -E cmake_link_script CMakeFiles/cmTC_c697e.dir/link.txt --verbose=1
/usr/bin/cc      -rdynamic CMakeFiles/cmTC_c697e.dir/CheckSymbolExists.c.o  -o cmTC_c697e 
CMakeFiles/cmTC_c697e.dir/CheckSymbolExists.c.o: In function `main':
CheckSymbolExists.c:(.text+0x1b): undefined reference to `pthread_create'
collect2: error: ld returned 1 exit status
CMakeFiles/cmTC_c697e.dir/build.make:97: recipe for target 'cmTC_c697e' failed
make[1]: *** [cmTC_c697e] Error 1
make[1]: Leaving directory '/home/parallels/lecture/motionplanning/catkin_ws/build/CMakeFiles/CMakeTmp'
Makefile:126: recipe for target 'cmTC_c697e/fast' failed
make: *** [cmTC_c697e/fast] Error 2

File /home/parallels/lecture/motionplanning/catkin_ws/build/CMakeFiles/CMakeTmp/CheckSymbolExists.c:
/* */
#include <pthread.h>

int main(int argc, char** argv)
{
  (void)argv;
#ifndef pthread_create
  return ((int*)(&pthread_create))[argc];
#else
  (void)argc;
  return 0;
#endif
}

Determining if the function pthread_create exists in the pthreads failed with the following output:
Change Dir: /home/parallels/lecture/motionplanning/catkin_ws/build/CMakeFiles/CMakeTmp

Run Build Command:"/usr/bin/make" "cmTC_25d3d/fast"
/usr/bin/make -f CMakeFiles/cmTC_25d3d.dir/build.make CMakeFiles/cmTC_25d3d.dir/build
make[1]: Entering directory '/home/parallels/lecture/motionplanning/catkin_ws/build/CMakeFiles/CMakeTmp'
Building C object CMakeFiles/cmTC_25d3d.dir/CheckFunctionExists.c.o
/usr/bin/cc   -DCHECK_FUNCTION_EXISTS=pthread_create   -o CMakeFiles/cmTC_25d3d.dir/CheckFunctionExists.c.o   -c /usr/share/cmake-3.10/Modules/CheckFunctionExists.c
Linking C executable cmTC_25d3d
/usr/bin/cmake -E cmake_link_script CMakeFiles/cmTC_25d3d.dir/link.txt --verbose=1
/usr/bin/cc  -DCHECK_FUNCTION_EXISTS=pthread_create    -rdynamic CMakeFiles/cmTC_25d3d.dir/CheckFunctionExists.c.o  -o cmTC_25d3d -lpthreads 
/usr/bin/ld: cannot find -lpthreads
collect2: error: ld returned 1 exit status
CMakeFiles/cmTC_25d3d.dir/build.make:97: recipe for target 'cmTC_25d3d' failed
make[1]: *** [cmTC_25d3d] Error 1
make[1]: Leaving directory '/home/parallels/lecture/motionplanning/catkin_ws/build/CMakeFiles/CMakeTmp'
Makefile:126: recipe for target 'cmTC_25d3d/fast' failed
make: *** [cmTC_25d3d/fast] Error 2


